The system is: Windows - 10.0.19044 - AMD64
Compiling the C compiler identification source file "CMakeCCompilerId.c" succeeded.
Compiler: C:/Program Files (x86)/Microsoft Visual Studio/2019/Community/VC/Tools/MSVC/14.29.30133/bin/Hostx86/x86/cl.exe 
Build flags: 
Id flags:  

The output was:
0
Оптимизирующий компилятор Microsoft (R) C/C++ версии 19.29.30133 для x86
(C) Корпорация Майкрософт (Microsoft Corporation).  Все права защищены.

CMakeCCompilerId.c
Microsoft (R) Incremental Linker Version 14.29.30133.0
Copyright (C) Microsoft Corporation.  All rights reserved.

/out:CMakeCCompilerId.exe 
CMakeCCompilerId.obj 


Compilation of the C compiler identification source "CMakeCCompilerId.c" produced "CMakeCCompilerId.exe"

Compilation of the C compiler identification source "CMakeCCompilerId.c" produced "CMakeCCompilerId.obj"

The C compiler identification is MSVC, found in "C:/Users/tosha/CLionProjects/face_rec_double/cmake-build-debug/CMakeFiles/3.20.2/CompilerIdC/CMakeCCompilerId.exe"

Compiling the CXX compiler identification source file "CMakeCXXCompilerId.cpp" succeeded.
Compiler: C:/Program Files (x86)/Microsoft Visual Studio/2019/Community/VC/Tools/MSVC/14.29.30133/bin/Hostx86/x86/cl.exe 
Build flags: 
Id flags:  

The output was:
0
Оптимизирующий компилятор Microsoft (R) C/C++ версии 19.29.30133 для x86
(C) Корпорация Майкрософт (Microsoft Corporation).  Все права защищены.

CMakeCXXCompilerId.cpp
Microsoft (R) Incremental Linker Version 14.29.30133.0
Copyright (C) Microsoft Corporation.  All rights reserved.

/out:CMakeCXXCompilerId.exe 
CMakeCXXCompilerId.obj 


Compilation of the CXX compiler identification source "CMakeCXXCompilerId.cpp" produced "CMakeCXXCompilerId.exe"

Compilation of the CXX compiler identification source "CMakeCXXCompilerId.cpp" produced "CMakeCXXCompilerId.obj"

The CXX compiler identification is MSVC, found in "C:/Users/tosha/CLionProjects/face_rec_double/cmake-build-debug/CMakeFiles/3.20.2/CompilerIdCXX/CMakeCXXCompilerId.exe"

Detecting C compiler ABI info compiled with the following output:
Change Dir: C:/Users/tosha/CLionProjects/face_rec_double/cmake-build-debug/CMakeFiles/CMakeTmp

Run Build Command(s):nmake -f Makefile /nologo cmTC_4de99\fast && 	"C:\Program Files (x86)\Microsoft Visual Studio\2019\Community\VC\Tools\MSVC\14.29.30133\bin\HostX86\x86\nmake.exe"  -f CMakeFiles\cmTC_4de99.dir\build.make /nologo -L                  CMakeFiles\cmTC_4de99.dir\build
Building C object CMakeFiles/cmTC_4de99.dir/CMakeCCompilerABI.c.obj
	"C:\Program Files\JetBrains\CLion 2021.2.1\bin\cmake\win\bin\cmake.exe" -E cmake_cl_compile_depends --dep-file=CMakeFiles\cmTC_4de99.dir\CMakeCCompilerABI.c.obj.d --working-dir=C:\Users\tosha\CLionProjects\face_rec_double\cmake-build-debug\CMakeFiles\CMakeTmp --filter-prefix="" -- "C:\PROGRA~2\Microsoft Visual Studio\2019\Community\VC\Tools\MSVC\14.29.30133\bin\Hostx86\x86\cl.exe" @C:\Users\tosha\AppData\Local\Temp\nm5522.tmp
Linking C executable cmTC_4de99.exe
	"C:\Program Files\JetBrains\CLion 2021.2.1\bin\cmake\win\bin\cmake.exe" -E vs_link_exe --intdir=CMakeFiles\cmTC_4de99.dir --rc="C:\PROGRA~2\Windows Kits\10\bin\10.0.22000.0\x86\rc.exe" --mt="C:\PROGRA~2\Windows Kits\10\bin\10.0.22000.0\x86\mt.exe" --manifests -- "C:\PROGRA~2\Microsoft Visual Studio\2019\Community\VC\Tools\MSVC\14.29.30133\bin\Hostx86\x86\link.exe" /nologo @CMakeFiles\cmTC_4de99.dir\objects1.rsp @C:\Users\tosha\AppData\Local\Temp\nm56C9.tmp



Detecting CXX compiler ABI info compiled with the following output:
Change Dir: C:/Users/tosha/CLionProjects/face_rec_double/cmake-build-debug/CMakeFiles/CMakeTmp

Run Build Command(s):nmake -f Makefile /nologo cmTC_58845\fast && 	"C:\Program Files (x86)\Microsoft Visual Studio\2019\Community\VC\Tools\MSVC\14.29.30133\bin\HostX86\x86\nmake.exe"  -f CMakeFiles\cmTC_58845.dir\build.make /nologo -L                  CMakeFiles\cmTC_58845.dir\build
Building CXX object CMakeFiles/cmTC_58845.dir/CMakeCXXCompilerABI.cpp.obj
	"C:\Program Files\JetBrains\CLion 2021.2.1\bin\cmake\win\bin\cmake.exe" -E cmake_cl_compile_depends --dep-file=CMakeFiles\cmTC_58845.dir\CMakeCXXCompilerABI.cpp.obj.d --working-dir=C:\Users\tosha\CLionProjects\face_rec_double\cmake-build-debug\CMakeFiles\CMakeTmp --filter-prefix="" -- "C:\PROGRA~2\Microsoft Visual Studio\2019\Community\VC\Tools\MSVC\14.29.30133\bin\Hostx86\x86\cl.exe" @C:\Users\tosha\AppData\Local\Temp\nm5939.tmp
Linking CXX executable cmTC_58845.exe
	"C:\Program Files\JetBrains\CLion 2021.2.1\bin\cmake\win\bin\cmake.exe" -E vs_link_exe --intdir=CMakeFiles\cmTC_58845.dir --rc="C:\PROGRA~2\Windows Kits\10\bin\10.0.22000.0\x86\rc.exe" --mt="C:\PROGRA~2\Windows Kits\10\bin\10.0.22000.0\x86\mt.exe" --manifests -- "C:\PROGRA~2\Microsoft Visual Studio\2019\Community\VC\Tools\MSVC\14.29.30133\bin\Hostx86\x86\link.exe" /nologo @CMakeFiles\cmTC_58845.dir\objects1.rsp @C:\Users\tosha\AppData\Local\Temp\nm59C6.tmp



The system is: Windows - 10.0.19044 - AMD64
Compiling the C compiler identification source file "CMakeCCompilerId.c" succeeded.
Compiler: C:/Program Files (x86)/Microsoft Visual Studio/2019/Community/VC/Tools/MSVC/14.29.30133/bin/Hostx86/x86/cl.exe 
Build flags: /DWIN32;/D_WINDOWS
Id flags:  

The output was:
0
Оптимизирующий компилятор Microsoft (R) C/C++ версии 19.29.30133 для x86
(C) Корпорация Майкрософт (Microsoft Corporation).  Все права защищены.

CMakeCCompilerId.c
Microsoft (R) Incremental Linker Version 14.29.30133.0
Copyright (C) Microsoft Corporation.  All rights reserved.

/out:CMakeCCompilerId.exe 
CMakeCCompilerId.obj 


Compilation of the C compiler identification source "CMakeCCompilerId.c" produced "CMakeCCompilerId.exe"

Compilation of the C compiler identification source "CMakeCCompilerId.c" produced "CMakeCCompilerId.obj"

The C compiler identification is MSVC, found in "C:/Users/tosha/CLionProjects/face_rec_double/cmake-build-debug/CMakeFiles/3.23.2/CompilerIdC/CMakeCCompilerId.exe"

Compiling the CXX compiler identification source file "CMakeCXXCompilerId.cpp" succeeded.
Compiler: C:/Program Files (x86)/Microsoft Visual Studio/2019/Community/VC/Tools/MSVC/14.29.30133/bin/Hostx86/x86/cl.exe 
Build flags: /DWIN32;/D_WINDOWS;/EHsc
Id flags:  

The output was:
0
Оптимизирующий компилятор Microsoft (R) C/C++ версии 19.29.30133 для x86
(C) Корпорация Майкрософт (Microsoft Corporation).  Все права защищены.

CMakeCXXCompilerId.cpp
Microsoft (R) Incremental Linker Version 14.29.30133.0
Copyright (C) Microsoft Corporation.  All rights reserved.

/out:CMakeCXXCompilerId.exe 
CMakeCXXCompilerId.obj 


Compilation of the CXX compiler identification source "CMakeCXXCompilerId.cpp" produced "CMakeCXXCompilerId.exe"

Compilation of the CXX compiler identification source "CMakeCXXCompilerId.cpp" produced "CMakeCXXCompilerId.obj"

The CXX compiler identification is MSVC, found in "C:/Users/tosha/CLionProjects/face_rec_double/cmake-build-debug/CMakeFiles/3.23.2/CompilerIdCXX/CMakeCXXCompilerId.exe"

Detecting C compiler ABI info compiled with the following output:
Change Dir: C:/Users/tosha/CLionProjects/face_rec_double/cmake-build-debug/CMakeFiles/CMakeTmp

Run Build Command(s):nmake -f Makefile /nologo cmTC_7cb36\fast && 	"C:\Program Files (x86)\Microsoft Visual Studio\2019\Community\VC\Tools\MSVC\14.29.30133\bin\HostX86\x86\nmake.exe"  -f CMakeFiles\cmTC_7cb36.dir\build.make /nologo -L                  CMakeFiles\cmTC_7cb36.dir\build
Building C object CMakeFiles/cmTC_7cb36.dir/CMakeCCompilerABI.c.obj
	"C:\Program Files\JetBrains\CLion 2022.2.3\bin\cmake\win\bin\cmake.exe" -E cmake_cl_compile_depends --dep-file=CMakeFiles\cmTC_7cb36.dir\CMakeCCompilerABI.c.obj.d --working-dir=C:\Users\tosha\CLionProjects\face_rec_double\cmake-build-debug\CMakeFiles\CMakeTmp --filter-prefix="" -- "C:\PROGRA~2\Microsoft Visual Studio\2019\Community\VC\Tools\MSVC\14.29.30133\bin\Hostx86\x86\cl.exe" @C:\Users\tosha\AppData\Local\Temp\nmF99C.tmp
Linking C executable cmTC_7cb36.exe
	"C:\Program Files\JetBrains\CLion 2022.2.3\bin\cmake\win\bin\cmake.exe" -E vs_link_exe --intdir=CMakeFiles\cmTC_7cb36.dir --rc="C:\PROGRA~2\Windows Kits\10\bin\10.0.22000.0\x86\rc.exe" --mt="C:\PROGRA~2\Windows Kits\10\bin\10.0.22000.0\x86\mt.exe" --manifests -- "C:\PROGRA~2\Microsoft Visual Studio\2019\Community\VC\Tools\MSVC\14.29.30133\bin\Hostx86\x86\link.exe" /nologo @CMakeFiles\cmTC_7cb36.dir\objects1.rsp @C:\Users\tosha\AppData\Local\Temp\nmFB33.tmp



Detecting CXX compiler ABI info compiled with the following output:
Change Dir: C:/Users/tosha/CLionProjects/face_rec_double/cmake-build-debug/CMakeFiles/CMakeTmp

Run Build Command(s):nmake -f Makefile /nologo cmTC_e37ec\fast && 	"C:\Program Files (x86)\Microsoft Visual Studio\2019\Community\VC\Tools\MSVC\14.29.30133\bin\HostX86\x86\nmake.exe"  -f CMakeFiles\cmTC_e37ec.dir\build.make /nologo -L                  CMakeFiles\cmTC_e37ec.dir\build
Building CXX object CMakeFiles/cmTC_e37ec.dir/CMakeCXXCompilerABI.cpp.obj
	"C:\Program Files\JetBrains\CLion 2022.2.3\bin\cmake\win\bin\cmake.exe" -E cmake_cl_compile_depends --dep-file=CMakeFiles\cmTC_e37ec.dir\CMakeCXXCompilerABI.cpp.obj.d --working-dir=C:\Users\tosha\CLionProjects\face_rec_double\cmake-build-debug\CMakeFiles\CMakeTmp --filter-prefix="" -- "C:\PROGRA~2\Microsoft Visual Studio\2019\Community\VC\Tools\MSVC\14.29.30133\bin\Hostx86\x86\cl.exe" @C:\Users\tosha\AppData\Local\Temp\nmFE10.tmp
Linking CXX executable cmTC_e37ec.exe
	"C:\Program Files\JetBrains\CLion 2022.2.3\bin\cmake\win\bin\cmake.exe" -E vs_link_exe --intdir=CMakeFiles\cmTC_e37ec.dir --rc="C:\PROGRA~2\Windows Kits\10\bin\10.0.22000.0\x86\rc.exe" --mt="C:\PROGRA~2\Windows Kits\10\bin\10.0.22000.0\x86\mt.exe" --manifests -- "C:\PROGRA~2\Microsoft Visual Studio\2019\Community\VC\Tools\MSVC\14.29.30133\bin\Hostx86\x86\link.exe" /nologo @CMakeFiles\cmTC_e37ec.dir\objects1.rsp @C:\Users\tosha\AppData\Local\Temp\nmFE9E.tmp



